<?xml version="1.0" encoding="UTF-8"?>
<!-- Generated by org.testng.reporters.JUnitReportReporter -->
<testsuite hostname="DIAMOND-QA51L" name="testNGTutorial.day2" tests="3" failures="0" timestamp="12 Sep 2022 17:26:40 GMT" time="0.031" errors="0">
  <testcase name="ploan3" time="0.003" classname="testNGTutorial.day2"/>
  <testcase name="ploan2" time="0.012" classname="testNGTutorial.day2"/>
  <testcase name="perloan4" time="0.016" classname="testNGTutorial.day2"/>
</testsuite> <!-- testNGTutorial.day2 -->
