<?xml version="1.0" encoding="UTF-8"?>
<!-- Generated by org.testng.reporters.JUnitReportReporter -->
<testsuite hostname="DIAMOND-QA51L" name="testNGTutorial.day2" tests="2" failures="0" timestamp="13 Sep 2022 18:07:09 GMT" time="0.028" errors="0">
  <testcase name="ploan3" time="0.011" classname="testNGTutorial.day2"/>
  <testcase name="ploan2" time="0.017" classname="testNGTutorial.day2"/>
</testsuite> <!-- testNGTutorial.day2 -->
