<?xml version="1.0" encoding="UTF-8"?>
<!-- Generated by org.testng.reporters.JUnitReportReporter -->
<testsuite hostname="DIAMOND-QA51L" name="testNGTutorial.day4" tests="1" failures="0" timestamp="12 Sep 2022 14:31:29 GMT" time="0.008" errors="0">
  <testcase name="APILoginHomeLoan" time="0.008" classname="testNGTutorial.day4"/>
</testsuite> <!-- testNGTutorial.day4 -->
