<?xml version="1.0" encoding="UTF-8"?>
<!-- Generated by org.testng.reporters.JUnitReportReporter -->
<testsuite hostname="DIAMOND-QA51L" name="testNGTutorial.day3" tests="1" failures="0" timestamp="12 Sep 2022 14:31:29 GMT" time="0.007" errors="0">
  <testcase name="WebLoginCarLoan" time="0.007" classname="testNGTutorial.day3"/>
</testsuite> <!-- testNGTutorial.day3 -->
