<?xml version="1.0" encoding="UTF-8"?>
<!-- Generated by org.testng.reporters.JUnitReportReporter -->
<testsuite hostname="DIAMOND-QA51L" name="testNGTutorial.day4" tests="1" failures="0" timestamp="13 Sep 2022 18:07:09 GMT" time="0.002" errors="0">
  <testcase name="APILoginHomeLoan" time="0.002" classname="testNGTutorial.day4"/>
</testsuite> <!-- testNGTutorial.day4 -->
