<?xml version="1.0" encoding="UTF-8"?>
<!-- Generated by org.testng.reporters.JUnitReportReporter -->
<testsuite hostname="DIAMOND-QA51L" name="StreamTest" tests="1" failures="0" timestamp="8 Sep 2022 17:42:57 GMT" time="0.029" errors="0">
  <testcase name="testSix" time="0.029" classname="StreamTest"/>
</testsuite> <!-- StreamTest -->
