<?xml version="1.0" encoding="UTF-8"?>
<!-- Generated by org.testng.reporters.JUnitReportReporter -->
<testsuite hostname="DIAMOND-QA51L" name="testNGTutorial.day1" tests="2" failures="0" timestamp="12 Sep 2022 14:18:21 GMT" time="0.008" errors="0">
  <testcase name="demo2" time="0.002" classname="testNGTutorial.day1"/>
  <testcase name="demo" time="0.006" classname="testNGTutorial.day1"/>
</testsuite> <!-- testNGTutorial.day1 -->
